# JRE version: Java(TM) SE Runtime Environment (8.0_171-b11) (build 1.8.0_171-b11)
# Java VM: Java HotSpot(TM) 64-Bit Server VM (25.171-b11 mixed mode windows-amd64 compressed oops)
Heap:
 PSYoungGen      total 345088K, used 100396K [0x0000000781780000, 0x0000000798a80000, 0x00000007c0000000)
  eden space 321024K, 24% used [0x0000000781780000,0x00000007862d0a20,0x0000000795100000)
  from space 24064K, 96% used [0x0000000796b00000,0x00000007981ba808,0x0000000798280000)
  to   space 26624K, 0% used [0x0000000795100000,0x0000000795100000,0x0000000796b00000)
 ParOldGen       total 138752K, used 34042K [0x0000000704600000, 0x000000070cd80000, 0x0000000781780000)
  object space 138752K, 24% used [0x0000000704600000,0x000000070673eb38,0x000000070cd80000)
 Metaspace       used 57145K, capacity 57922K, committed 58240K, reserved 1099776K
  class space    used 7324K, capacity 7513K, committed 7552K, reserved 1048576K
GC Heap History (10 events):
Event: 17.732 GC heap before
{Heap before GC invocations=10 (full 1):
 PSYoungGen      total 229888K, used 54274K [0x0000000781780000, 0x0000000793c00000, 0x00000007c0000000)
  eden space 216576K, 18% used [0x0000000781780000,0x0000000783f81090,0x000000078eb00000)
  from space 13312K, 99% used [0x000000078fa00000,0x00000007906ff9f0,0x0000000790700000)
  to   space 15360K, 0% used [0x000000078eb00000,0x000000078eb00000,0x000000078fa00000)
 ParOldGen       total 86528K, used 13183K [0x0000000704600000, 0x0000000709a80000, 0x0000000781780000)
  object space 86528K, 15% used [0x0000000704600000,0x00000007052dfc20,0x0000000709a80000)
 Metaspace       used 34876K, capacity 35226K, committed 35416K, reserved 1081344K
  class space    used 4512K, capacity 4606K, committed 4608K, reserved 1048576K
Event: 17.785 GC heap after
Heap after GC invocations=10 (full 1):
 PSYoungGen      total 231936K, used 13601K [0x0000000781780000, 0x0000000794580000, 0x00000007c0000000)
  eden space 216576K, 0% used [0x0000000781780000,0x0000000781780000,0x000000078eb00000)
  from space 15360K, 88% used [0x000000078eb00000,0x000000078f848620,0x000000078fa00000)
  to   space 16384K, 0% used [0x0000000793580000,0x0000000793580000,0x0000000794580000)
 ParOldGen       total 86528K, used 13191K [0x0000000704600000, 0x0000000709a80000, 0x0000000781780000)
  object space 86528K, 15% used [0x0000000704600000,0x00000007052e1c20,0x0000000709a80000)
 Metaspace       used 34876K, capacity 35226K, committed 35416K, reserved 1081344K
  class space    used 4512K, capacity 4606K, committed 4608K, reserved 1048576K
}
Event: 17.785 GC heap before
{Heap before GC invocations=11 (full 2):
 PSYoungGen      total 231936K, used 13601K [0x0000000781780000, 0x0000000794580000, 0x00000007c0000000)
  eden space 216576K, 0% used [0x0000000781780000,0x0000000781780000,0x000000078eb00000)
  from space 15360K, 88% used [0x000000078eb00000,0x000000078f848620,0x000000078fa00000)
  to   space 16384K, 0% used [0x0000000793580000,0x0000000793580000,0x0000000794580000)
 ParOldGen       total 86528K, used 13191K [0x0000000704600000, 0x0000000709a80000, 0x0000000781780000)
  object space 86528K, 15% used [0x0000000704600000,0x00000007052e1c20,0x0000000709a80000)
 Metaspace       used 34876K, capacity 35226K, committed 35416K, reserved 1081344K
  class space    used 4512K, capacity 4606K, committed 4608K, reserved 1048576K
Event: 18.200 GC heap after
Heap after GC invocations=11 (full 2):
 PSYoungGen      total 231936K, used 0K [0x0000000781780000, 0x0000000794580000, 0x00000007c0000000)
  eden space 216576K, 0% used [0x0000000781780000,0x0000000781780000,0x000000078eb00000)
  from space 15360K, 0% used [0x000000078eb00000,0x000000078eb00000,0x000000078fa00000)
  to   space 16384K, 0% used [0x0000000793580000,0x0000000793580000,0x0000000794580000)
 ParOldGen       total 138752K, used 24357K [0x0000000704600000, 0x000000070cd80000, 0x0000000781780000)
  object space 138752K, 17% used [0x0000000704600000,0x0000000705dc9548,0x000000070cd80000)
 Metaspace       used 34876K, capacity 35226K, committed 35416K, reserved 1081344K
  class space    used 4512K, capacity 4606K, committed 4608K, reserved 1048576K
}
Event: 25.598 GC heap before
{Heap before GC invocations=12 (full 2):
 PSYoungGen      total 231936K, used 216576K [0x0000000781780000, 0x0000000794580000, 0x00000007c0000000)
  eden space 216576K, 100% used [0x0000000781780000,0x000000078eb00000,0x000000078eb00000)
  from space 15360K, 0% used [0x000000078eb00000,0x000000078eb00000,0x000000078fa00000)
  to   space 16384K, 0% used [0x0000000793580000,0x0000000793580000,0x0000000794580000)
 ParOldGen       total 138752K, used 24357K [0x0000000704600000, 0x000000070cd80000, 0x0000000781780000)
  object space 138752K, 17% used [0x0000000704600000,0x0000000705dc9548,0x000000070cd80000)
 Metaspace       used 41747K, capacity 42202K, committed 42752K, reserved 1087488K
  class space    used 5423K, capacity 5550K, committed 5632K, reserved 1048576K
Event: 25.658 GC heap after
Heap after GC invocations=12 (full 2):
 PSYoungGen      total 283136K, used 16374K [0x0000000781780000, 0x0000000794580000, 0x00000007c0000000)
  eden space 266752K, 0% used [0x0000000781780000,0x0000000781780000,0x0000000791c00000)
  from space 16384K, 99% used [0x0000000793580000,0x000000079457d978,0x0000000794580000)
  to   space 18432K, 0% used [0x0000000792180000,0x0000000792180000,0x0000000793380000)
 ParOldGen       total 138752K, used 25195K [0x0000000704600000, 0x000000070cd80000, 0x0000000781780000)
  object space 138752K, 18% used [0x0000000704600000,0x0000000705e9ae58,0x000000070cd80000)
 Metaspace       used 41747K, capacity 42202K, committed 42752K, reserved 1087488K
  class space    used 5423K, capacity 5550K, committed 5632K, reserved 1048576K
}
Event: 35.947 GC heap before
{Heap before GC invocations=13 (full 2):
 PSYoungGen      total 283136K, used 283126K [0x0000000781780000, 0x0000000794580000, 0x00000007c0000000)
  eden space 266752K, 100% used [0x0000000781780000,0x0000000791c00000,0x0000000791c00000)
  from space 16384K, 99% used [0x0000000793580000,0x000000079457d978,0x0000000794580000)
  to   space 18432K, 0% used [0x0000000792180000,0x0000000792180000,0x0000000793380000)
 ParOldGen       total 138752K, used 25195K [0x0000000704600000, 0x000000070cd80000, 0x0000000781780000)
  object space 138752K, 18% used [0x0000000704600000,0x0000000705e9ae58,0x000000070cd80000)
 Metaspace       used 49884K, capacity 50600K, committed 50944K, reserved 1093632K
  class space    used 6386K, capacity 6564K, committed 6656K, reserved 1048576K
Event: 36.046 GC heap after
Heap after GC invocations=13 (full 2):
 PSYoungGen      total 290816K, used 18410K [0x0000000781780000, 0x0000000798280000, 0x00000007c0000000)
  eden space 272384K, 0% used [0x0000000781780000,0x0000000781780000,0x0000000792180000)
  from space 18432K, 99% used [0x0000000792180000,0x000000079337aaf8,0x0000000793380000)
  to   space 24064K, 0% used [0x0000000796b00000,0x0000000796b00000,0x0000000798280000)
 ParOldGen       total 138752K, used 34034K [0x0000000704600000, 0x000000070cd80000, 0x0000000781780000)
  object space 138752K, 24% used [0x0000000704600000,0x000000070673cb38,0x000000070cd80000)
 Metaspace       used 49884K, capacity 50600K, committed 50944K, reserved 1093632K
  class space    used 6386K, capacity 6564K, committed 6656K, reserved 1048576K
}
Event: 39.454 GC heap before
{Heap before GC invocations=14 (full 2):
 PSYoungGen      total 290816K, used 290794K [0x0000000781780000, 0x0000000798280000, 0x00000007c0000000)
  eden space 272384K, 100% used [0x0000000781780000,0x0000000792180000,0x0000000792180000)
  from space 18432K, 99% used [0x0000000792180000,0x000000079337aaf8,0x0000000793380000)
  to   space 24064K, 0% used [0x0000000796b00000,0x0000000796b00000,0x0000000798280000)
 ParOldGen       total 138752K, used 34034K [0x0000000704600000, 0x000000070cd80000, 0x0000000781780000)
  object space 138752K, 24% used [0x0000000704600000,0x000000070673cb38,0x000000070cd80000)
 Metaspace       used 54007K, capacity 54730K, committed 55040K, reserved 1097728K
  class space    used 6915K, capacity 7093K, committed 7168K, reserved 1048576K
Event: 39.490 GC heap after
Heap after GC invocations=14 (full 2):
 PSYoungGen      total 345088K, used 23274K [0x0000000781780000, 0x0000000798a80000, 0x00000007c0000000)
  eden space 321024K, 0% used [0x0000000781780000,0x0000000781780000,0x0000000795100000)
  from space 24064K, 96% used [0x0000000796b00000,0x00000007981ba808,0x0000000798280000)
  to   space 26624K, 0% used [0x0000000795100000,0x0000000795100000,0x0000000796b00000)
 ParOldGen       total 138752K, used 34042K [0x0000000704600000, 0x000000070cd80000, 0x0000000781780000)
  object space 138752K, 24% used [0x0000000704600000,0x000000070673eb38,0x000000070cd80000)
 Metaspace       used 54007K, capacity 54730K, committed 55040K, reserved 1097728K
  class space    used 6915K, capacity 7093K, committed 7168K, reserved 1048576K
}

